[35m[Appium][39m Welcome to Appium v1.19.1
[35m[Appium][39m Non-default server args:
[35m[Appium][39m   port: 50328
[35m[Appium][39m   loglevel: info
[35m[Appium][39m   tmpDir: C:\Users\triaa\AppData\Local\Temp\\Katalon\Appium\Temp1714639946103
[35m[Appium][39m Appium REST http interface listener started on 0.0.0.0:50328
[35m[HTTP][39m [37m-->[39m [37mGET[39m [37m/wd/hub/status[39m
[35m[HTTP][39m [90m{}[39m
[35m[HTTP][39m [37m<-- GET /wd/hub/status [39m[32m200[39m [90m7 ms - 68[39m
[35m[HTTP][39m [90m[39m
[35m[HTTP][39m [37m-->[39m [37mGET[39m [37m/wd/hub/status[39m
[35m[HTTP][39m [90m{}[39m
[35m[HTTP][39m [37m<-- GET /wd/hub/status [39m[32m200[39m [90m1 ms - 68[39m
[35m[HTTP][39m [90m[39m
[35m[HTTP][39m [37m-->[39m [37mPOST[39m [37m/wd/hub/session[39m
[35m[HTTP][39m [90m{"desiredCapabilities":{"app":"C:\\Users\\triaa\\Automate\\Katalon Studio\\Final\\mobileapp\\app-pendaki (1).apk","noReset":true,"newCommandTimeout":1800,"platformVersion":"14","automationName":"uiautomator2","autoGrantPermissions":true,"platformName":"Android","udid":"emulator-5554","deviceName":"emulator-5554 (sdk_gphone64_x86_64 - Android 14)","fullReset":false,"systemPort":50349},"capabilities":{"firstMatch":[{"appium:app":"C:\\Users\\triaa\\Automate\\Katalon Studio\\Final\\mobileapp\\app-pendaki (1).apk","appium:autoGrantPermissions":true,"appium:automationName":"uiautomator2","appium:deviceName":"emulator-5554 (sdk_gphone64_x86_64 - Android 14)","appium:fullReset":false,"appium:newCommandTimeout":1800,"appium:noReset":true,"platformName":"android","appium:platformVersion":"14","appium:systemPort":50349,"appium:udid":"emulator-5554"}]}}[39m
[35m[Appium][39m Appium v1.19.1 creating new AndroidUiautomator2Driver (v1.59.0) session
[35m[BaseDriver][39m Session created with session id: d03ccce4-10d7-4800-b5a9-408c1a305101
[35m[BaseDriver][39m Using local app 'C:\Users\triaa\Automate\Katalon Studio\Final\mobileapp\app-pendaki (1).apk'
[35m[ADB][39m Found 1 'build-tools' folders under 'C:\Users\triaa\AppData\Local\Android\Sdk' (newest first):
[35m[ADB][39m     C:/Users/triaa/AppData/Local/Android/Sdk/build-tools/34.0.0
[35m[ADB][39m Using 'adb.exe' from 'C:\Users\triaa\AppData\Local\Android\Sdk\platform-tools\adb.exe'
[35m[AndroidDriver][39m Retrieving device list
[35m[AndroidDriver][39m Using device: emulator-5554
[35m[ADB][39m Using 'adb.exe' from 'C:\Users\triaa\AppData\Local\Android\Sdk\platform-tools\adb.exe'
[35m[ADB][39m Getting device platform version
[35m[UiAutomator2][39m Relaxing hidden api policy
[35m[ADB][39m Package name: 'com.wahidari.pendaki'
[35m[ADB][39m Main activity name: 'com.wahidari.pendaki.MainActivity'
[35m[ADB][39m Using 'apksigner.jar' from 'C:\Users\triaa\AppData\Local\Android\Sdk\build-tools\34.0.0\lib\apksigner.jar'
[35m[ADB][39m 'C:\Users\triaa\AppData\Roaming\npm\node_modules\appium\node_modules\appium-uiautomator2-server\apks\appium-uiautomator2-server-v4.15.0.apk' is signed with the default certificate
[35m[ADB][39m 'C:\Users\triaa\AppData\Roaming\npm\node_modules\appium\node_modules\appium-uiautomator2-server\apks\appium-uiautomator2-server-debug-androidTest.apk' is signed with the default certificate
[35m[UiAutomator2][39m Server packages are not going to be (re)installed
[35m[ADB][39m 'C:\Users\triaa\Automate\Katalon Studio\Final\mobileapp\app-pendaki (1).apk' is signed with a non-default certificate
[35m[ADB][39m The application at 'C:\Users\triaa\Automate\Katalon Studio\Final\mobileapp\app-pendaki (1).apk' will not be cached, because the device under test has confirmed the support of streamed installs
[35m[ADB][39m The installation of 'app-pendaki (1).apk' took 667ms
[35m[UiAutomator2][39m Starting UIAutomator2 server 4.15.0
[35m[UiAutomator2][39m Using UIAutomator2 server from 'C:\Users\triaa\AppData\Roaming\npm\node_modules\appium\node_modules\appium-uiautomator2-server\apks\appium-uiautomator2-server-v4.15.0.apk' and test from 'C:\Users\triaa\AppData\Roaming\npm\node_modules\appium\node_modules\appium-uiautomator2-server\apks\appium-uiautomator2-server-debug-androidTest.apk'
[35m[UiAutomator2][39m Waiting up to 30000ms for UiAutomator2 to be online...
[35m[WD Proxy][39m socket hang up
[35m[WD Proxy][39m socket hang up
[35m[WD Proxy][39m socket hang up
[35m[WD Proxy][39m socket hang up
[35m[WD Proxy][39m Determined the downstream protocol as 'W3C'
[35m[AndroidDriver][39m Screen already unlocked, doing nothing
[35m[UiAutomator2][39m Starting 'com.wahidari.pendaki/com.wahidari.pendaki.MainActivity and waiting for 'com.wahidari.pendaki/com.wahidari.pendaki.MainActivity'
[35m[Appium][39m New AndroidUiautomator2Driver session created successfully, session d03ccce4-10d7-4800-b5a9-408c1a305101 added to master session list
[35m[HTTP][39m [37m<-- POST /wd/hub/session [39m[32m200[39m [90m14123 ms - 1281[39m
[35m[HTTP][39m [90m[39m
[35m[HTTP][39m [37m-->[39m [37mGET[39m [37m/wd/hub/session/d03ccce4-10d7-4800-b5a9-408c1a305101[39m
[35m[HTTP][39m [90m{}[39m
[35m[HTTP][39m [37m<-- GET /wd/hub/session/d03ccce4-10d7-4800-b5a9-408c1a305101 [39m[32m200[39m [90m40 ms - 1235[39m
[35m[HTTP][39m [90m[39m
[35m[HTTP][39m [37m-->[39m [37mGET[39m [37m/wd/hub/session/d03ccce4-10d7-4800-b5a9-408c1a305101[39m
[35m[HTTP][39m [90m{}[39m
[35m[HTTP][39m [37m<-- GET /wd/hub/session/d03ccce4-10d7-4800-b5a9-408c1a305101 [39m[32m200[39m [90m51 ms - 1235[39m
[35m[HTTP][39m [90m[39m
[35m[HTTP][39m [37m-->[39m [37mGET[39m [37m/wd/hub/status[39m
[35m[HTTP][39m [90m{}[39m
[35m[HTTP][39m [37m<-- GET /wd/hub/status [39m[32m200[39m [90m2 ms - 68[39m
[35m[HTTP][39m [90m[39m
[35m[HTTP][39m [37m-->[39m [37mPOST[39m [37m/wd/hub/session/d03ccce4-10d7-4800-b5a9-408c1a305101/timeouts[39m
[35m[HTTP][39m [90m{"implicit":60000}[39m
[35m[HTTP][39m [37m<-- POST /wd/hub/session/d03ccce4-10d7-4800-b5a9-408c1a305101/timeouts [39m[32m200[39m [90m4 ms - 14[39m
[35m[HTTP][39m [90m[39m
[35m[HTTP][39m [37m-->[39m [37mGET[39m [37m/wd/hub/session/d03ccce4-10d7-4800-b5a9-408c1a305101/source[39m
[35m[HTTP][39m [90m{}[39m
[35m[W3C (d03ccce4)][39m Driver proxy active, passing request on via HTTP proxy
[35m[WD Proxy][39m Replacing sessionId 9c07d1e5-85bb-4008-99ce-299509331f4a with d03ccce4-10d7-4800-b5a9-408c1a305101
[35m[HTTP][39m [37m<-- GET /wd/hub/session/d03ccce4-10d7-4800-b5a9-408c1a305101/source [39m[32m200[39m [90m200 ms - 6820[39m
[35m[HTTP][39m [90m[39m
[35m[HTTP][39m [37m-->[39m [37mGET[39m [37m/wd/hub/session/d03ccce4-10d7-4800-b5a9-408c1a305101/screenshot[39m
[35m[HTTP][39m [90m{}[39m
[35m[HTTP][39m [37m<-- GET /wd/hub/session/d03ccce4-10d7-4800-b5a9-408c1a305101/screenshot [39m[32m200[39m [90m1604 ms - 2430846[39m
[35m[HTTP][39m [90m[39m
[35m[HTTP][39m [37m-->[39m [37mPOST[39m [37m/wd/hub/session/d03ccce4-10d7-4800-b5a9-408c1a305101/elements[39m
[35m[HTTP][39m [90m{"using":"xpath","value":"//*[@class = 'android.widget.Button' and (@text = 'OK' or . = 'OK') and @resource-id = 'android:id/button1']"}[39m
[35m[HTTP][39m [37m<-- POST /wd/hub/session/d03ccce4-10d7-4800-b5a9-408c1a305101/elements [39m[32m200[39m [90m221 ms - 139[39m
[35m[HTTP][39m [90m[39m
[35m[HTTP][39m [37m-->[39m [37mGET[39m [37m/wd/hub/session/d03ccce4-10d7-4800-b5a9-408c1a305101/window/rect[39m
[35m[HTTP][39m [90m{}[39m
[35m[HTTP][39m [37m<-- GET /wd/hub/session/d03ccce4-10d7-4800-b5a9-408c1a305101/window/rect [39m[32m200[39m [90m30 ms - 50[39m
[35m[HTTP][39m [90m[39m
[35m[HTTP][39m [37m-->[39m [37mPOST[39m [37m/wd/hub/session/d03ccce4-10d7-4800-b5a9-408c1a305101/elements[39m
[35m[HTTP][39m [90m{"using":"xpath","value":"//*[@class = 'android.widget.Button' and (@text = 'OK' or . = 'OK') and @resource-id = 'android:id/button1']"}[39m
[35m[HTTP][39m [37m<-- POST /wd/hub/session/d03ccce4-10d7-4800-b5a9-408c1a305101/elements [39m[32m200[39m [90m66 ms - 139[39m
[35m[HTTP][39m [90m[39m
[35m[HTTP][39m [37m-->[39m [37mGET[39m [37m/wd/hub/session/d03ccce4-10d7-4800-b5a9-408c1a305101/element/45b6e877-2de9-4f0d-82bd-696e2c5f921a/location[39m
[35m[HTTP][39m [90m{}[39m
[35m[W3C (d03ccce4)][39m Driver proxy active, passing request on via HTTP proxy
[35m[WD Proxy][39m Replacing sessionId 9c07d1e5-85bb-4008-99ce-299509331f4a with d03ccce4-10d7-4800-b5a9-408c1a305101
[35m[HTTP][39m [37m<-- GET /wd/hub/session/d03ccce4-10d7-4800-b5a9-408c1a305101/element/45b6e877-2de9-4f0d-82bd-696e2c5f921a/location [39m[32m200[39m [90m32 ms - 79[39m
[35m[HTTP][39m [90m[39m
[35m[HTTP][39m [37m-->[39m [37mPOST[39m [37m/wd/hub/session/d03ccce4-10d7-4800-b5a9-408c1a305101/element/45b6e877-2de9-4f0d-82bd-696e2c5f921a/click[39m
[35m[HTTP][39m [90m{"id":"45b6e877-2de9-4f0d-82bd-696e2c5f921a"}[39m
[35m[HTTP][39m [37m<-- POST /wd/hub/session/d03ccce4-10d7-4800-b5a9-408c1a305101/element/45b6e877-2de9-4f0d-82bd-696e2c5f921a/click [39m[32m200[39m [90m92 ms - 14[39m
[35m[HTTP][39m [90m[39m
[35m[HTTP][39m [37m-->[39m [37mGET[39m [37m/wd/hub/session/d03ccce4-10d7-4800-b5a9-408c1a305101/source[39m
[35m[HTTP][39m [90m{}[39m
[35m[W3C (d03ccce4)][39m Driver proxy active, passing request on via HTTP proxy
[35m[WD Proxy][39m Replacing sessionId 9c07d1e5-85bb-4008-99ce-299509331f4a with d03ccce4-10d7-4800-b5a9-408c1a305101
[35m[HTTP][39m [37m<-- GET /wd/hub/session/d03ccce4-10d7-4800-b5a9-408c1a305101/source [39m[32m200[39m [90m445 ms - 32127[39m
[35m[HTTP][39m [90m[39m
[35m[HTTP][39m [37m-->[39m [37mGET[39m [37m/wd/hub/session/d03ccce4-10d7-4800-b5a9-408c1a305101/screenshot[39m
[35m[HTTP][39m [90m{}[39m
[35m[HTTP][39m [37m<-- GET /wd/hub/session/d03ccce4-10d7-4800-b5a9-408c1a305101/screenshot [39m[32m200[39m [90m1484 ms - 4103996[39m
[35m[HTTP][39m [90m[39m
[35m[HTTP][39m [37m-->[39m [37mPOST[39m [37m/wd/hub/session/d03ccce4-10d7-4800-b5a9-408c1a305101/elements[39m
[35m[HTTP][39m [90m{"using":"xpath","value":"//*[@class = 'android.widget.ImageButton' and (@text = '' or . = '')]"}[39m
[35m[HTTP][39m [37m<-- POST /wd/hub/session/d03ccce4-10d7-4800-b5a9-408c1a305101/elements [39m[32m200[39m [90m257 ms - 139[39m
[35m[HTTP][39m [90m[39m
[35m[HTTP][39m [37m-->[39m [37mGET[39m [37m/wd/hub/session/d03ccce4-10d7-4800-b5a9-408c1a305101/window/rect[39m
[35m[HTTP][39m [90m{}[39m
[35m[HTTP][39m [37m<-- GET /wd/hub/session/d03ccce4-10d7-4800-b5a9-408c1a305101/window/rect [39m[32m200[39m [90m24 ms - 50[39m
[35m[HTTP][39m [90m[39m
[35m[HTTP][39m [37m-->[39m [37mPOST[39m [37m/wd/hub/session/d03ccce4-10d7-4800-b5a9-408c1a305101/elements[39m
[35m[HTTP][39m [90m{"using":"xpath","value":"//*[@class = 'android.widget.ImageButton' and (@text = '' or . = '')]"}[39m
[35m[HTTP][39m [37m<-- POST /wd/hub/session/d03ccce4-10d7-4800-b5a9-408c1a305101/elements [39m[32m200[39m [90m230 ms - 139[39m
[35m[HTTP][39m [90m[39m
[35m[HTTP][39m [37m-->[39m [37mGET[39m [37m/wd/hub/session/d03ccce4-10d7-4800-b5a9-408c1a305101/element/788beeac-7f75-4547-8cc7-ca22362f69d9/location[39m
[35m[HTTP][39m [90m{}[39m
[35m[W3C (d03ccce4)][39m Driver proxy active, passing request on via HTTP proxy
[35m[WD Proxy][39m Replacing sessionId 9c07d1e5-85bb-4008-99ce-299509331f4a with d03ccce4-10d7-4800-b5a9-408c1a305101
[35m[HTTP][39m [37m<-- GET /wd/hub/session/d03ccce4-10d7-4800-b5a9-408c1a305101/element/788beeac-7f75-4547-8cc7-ca22362f69d9/location [39m[32m200[39m [90m34 ms - 75[39m
[35m[HTTP][39m [90m[39m
[35m[HTTP][39m [37m-->[39m [37mPOST[39m [37m/wd/hub/session/d03ccce4-10d7-4800-b5a9-408c1a305101/element/788beeac-7f75-4547-8cc7-ca22362f69d9/click[39m
[35m[HTTP][39m [90m{"id":"788beeac-7f75-4547-8cc7-ca22362f69d9"}[39m
[35m[HTTP][39m [37m<-- POST /wd/hub/session/d03ccce4-10d7-4800-b5a9-408c1a305101/element/788beeac-7f75-4547-8cc7-ca22362f69d9/click [39m[32m200[39m [90m108 ms - 14[39m
[35m[HTTP][39m [90m[39m
[35m[HTTP][39m [37m-->[39m [37mGET[39m [37m/wd/hub/session/d03ccce4-10d7-4800-b5a9-408c1a305101/source[39m
[35m[HTTP][39m [90m{}[39m
[35m[W3C (d03ccce4)][39m Driver proxy active, passing request on via HTTP proxy
[35m[WD Proxy][39m Replacing sessionId 9c07d1e5-85bb-4008-99ce-299509331f4a with d03ccce4-10d7-4800-b5a9-408c1a305101
[35m[HTTP][39m [37m<-- GET /wd/hub/session/d03ccce4-10d7-4800-b5a9-408c1a305101/source [39m[32m200[39m [90m788 ms - 42040[39m
[35m[HTTP][39m [90m[39m
[35m[HTTP][39m [37m-->[39m [37mGET[39m [37m/wd/hub/session/d03ccce4-10d7-4800-b5a9-408c1a305101/screenshot[39m
[35m[HTTP][39m [90m{}[39m
[35m[HTTP][39m [37m<-- GET /wd/hub/session/d03ccce4-10d7-4800-b5a9-408c1a305101/screenshot [39m[32m200[39m [90m867 ms - 1382374[39m
[35m[HTTP][39m [90m[39m
[35m[HTTP][39m [37m-->[39m [37mPOST[39m [37m/wd/hub/session/d03ccce4-10d7-4800-b5a9-408c1a305101/elements[39m
[35m[HTTP][39m [90m{"using":"xpath","value":"//*[@class = 'android.widget.CheckedTextView' and (@text = 'Peralatan' or . = 'Peralatan') and @resource-id = 'com.wahidari.pendaki:id/design_menu_item_text']"}[39m
[35m[HTTP][39m [37m<-- POST /wd/hub/session/d03ccce4-10d7-4800-b5a9-408c1a305101/elements [39m[32m200[39m [90m431 ms - 139[39m
[35m[HTTP][39m [90m[39m
[35m[HTTP][39m [37m-->[39m [37mGET[39m [37m/wd/hub/session/d03ccce4-10d7-4800-b5a9-408c1a305101/window/rect[39m
[35m[HTTP][39m [90m{}[39m
[35m[HTTP][39m [37m<-- GET /wd/hub/session/d03ccce4-10d7-4800-b5a9-408c1a305101/window/rect [39m[32m200[39m [90m22 ms - 50[39m
[35m[HTTP][39m [90m[39m
[35m[HTTP][39m [37m-->[39m [37mPOST[39m [37m/wd/hub/session/d03ccce4-10d7-4800-b5a9-408c1a305101/elements[39m
[35m[HTTP][39m [90m{"using":"xpath","value":"//*[@class = 'android.widget.CheckedTextView' and (@text = 'Peralatan' or . = 'Peralatan') and @resource-id = 'com.wahidari.pendaki:id/design_menu_item_text']"}[39m
[35m[HTTP][39m [37m<-- POST /wd/hub/session/d03ccce4-10d7-4800-b5a9-408c1a305101/elements [39m[32m200[39m [90m350 ms - 139[39m
[35m[HTTP][39m [90m[39m
[35m[HTTP][39m [37m-->[39m [37mGET[39m [37m/wd/hub/session/d03ccce4-10d7-4800-b5a9-408c1a305101/element/6288830f-80c8-4a09-a468-80b955754d8f/location[39m
[35m[HTTP][39m [90m{}[39m
[35m[W3C (d03ccce4)][39m Driver proxy active, passing request on via HTTP proxy
[35m[WD Proxy][39m Replacing sessionId 9c07d1e5-85bb-4008-99ce-299509331f4a with d03ccce4-10d7-4800-b5a9-408c1a305101
[35m[HTTP][39m [37m<-- GET /wd/hub/session/d03ccce4-10d7-4800-b5a9-408c1a305101/element/6288830f-80c8-4a09-a468-80b955754d8f/location [39m[32m200[39m [90m35 ms - 77[39m
[35m[HTTP][39m [90m[39m
[35m[HTTP][39m [37m-->[39m [37mPOST[39m [37m/wd/hub/session/d03ccce4-10d7-4800-b5a9-408c1a305101/element/6288830f-80c8-4a09-a468-80b955754d8f/click[39m
[35m[HTTP][39m [90m{"id":"6288830f-80c8-4a09-a468-80b955754d8f"}[39m
[35m[HTTP][39m [37m<-- POST /wd/hub/session/d03ccce4-10d7-4800-b5a9-408c1a305101/element/6288830f-80c8-4a09-a468-80b955754d8f/click [39m[32m200[39m [90m100 ms - 14[39m
[35m[HTTP][39m [90m[39m
[35m[HTTP][39m [37m-->[39m [37mGET[39m [37m/wd/hub/session/d03ccce4-10d7-4800-b5a9-408c1a305101/source[39m
[35m[HTTP][39m [90m{}[39m
[35m[W3C (d03ccce4)][39m Driver proxy active, passing request on via HTTP proxy
[35m[WD Proxy][39m Replacing sessionId 9c07d1e5-85bb-4008-99ce-299509331f4a with d03ccce4-10d7-4800-b5a9-408c1a305101
[35m[HTTP][39m [37m<-- GET /wd/hub/session/d03ccce4-10d7-4800-b5a9-408c1a305101/source [39m[32m200[39m [90m1962 ms - 38614[39m
[35m[HTTP][39m [90m[39m
[35m[HTTP][39m [37m-->[39m [37mGET[39m [37m/wd/hub/session/d03ccce4-10d7-4800-b5a9-408c1a305101/screenshot[39m
[35m[HTTP][39m [90m{}[39m
[35m[HTTP][39m [37m<-- GET /wd/hub/session/d03ccce4-10d7-4800-b5a9-408c1a305101/screenshot [39m[32m200[39m [90m1123 ms - 688978[39m
[35m[HTTP][39m [90m[39m
[35m[HTTP][39m [37m-->[39m [37mPOST[39m [37m/wd/hub/session/d03ccce4-10d7-4800-b5a9-408c1a305101/elements[39m
[35m[HTTP][39m [90m{"using":"xpath","value":"//*[@class = 'android.widget.RelativeLayout' and (@text = '' or . = '')]"}[39m
[35m[HTTP][39m [37m<-- POST /wd/hub/session/d03ccce4-10d7-4800-b5a9-408c1a305101/elements [39m[32m200[39m [90m256 ms - 1163[39m
[35m[HTTP][39m [90m[39m
[35m[HTTP][39m [37m-->[39m [37mPOST[39m [37m/wd/hub/session/d03ccce4-10d7-4800-b5a9-408c1a305101/elements[39m
[35m[HTTP][39m [90m{"using":"-android uiautomator","value":"new UiSelector().className(\"android.widget.RelativeLayout\")"}[39m
[35m[HTTP][39m [37m<-- POST /wd/hub/session/d03ccce4-10d7-4800-b5a9-408c1a305101/elements [39m[32m200[39m [90m340 ms - 1163[39m
[35m[HTTP][39m [90m[39m
[35m[HTTP][39m [37m-->[39m [37mGET[39m [37m/wd/hub/session/d03ccce4-10d7-4800-b5a9-408c1a305101/window/rect[39m
[35m[HTTP][39m [90m{}[39m
[35m[HTTP][39m [37m<-- GET /wd/hub/session/d03ccce4-10d7-4800-b5a9-408c1a305101/window/rect [39m[32m200[39m [90m19 ms - 50[39m
[35m[HTTP][39m [90m[39m
[35m[HTTP][39m [37m-->[39m [37mPOST[39m [37m/wd/hub/session/d03ccce4-10d7-4800-b5a9-408c1a305101/elements[39m
[35m[HTTP][39m [90m{"using":"xpath","value":"//hierarchy/android.widget.FrameLayout[1]/android.widget.LinearLayout[1]/android.widget.FrameLayout[1]/android.widget.LinearLayout[1]/android.widget.FrameLayout[1]/android.support.v4.widget.DrawerLayout[1]/android.view.ViewGroup[1]/android.support.v4.view.ViewPager[1]/android.support.v7.widget.RecyclerView[1]/android.widget.LinearLayout[8]/android.widget.FrameLayout[1]/android.widget.RelativeLayout[1]"}[39m
[35m[HTTP][39m [37m<-- POST /wd/hub/session/d03ccce4-10d7-4800-b5a9-408c1a305101/elements [39m[32m200[39m [90m222 ms - 139[39m
[35m[HTTP][39m [90m[39m
[35m[HTTP][39m [37m-->[39m [37mGET[39m [37m/wd/hub/session/d03ccce4-10d7-4800-b5a9-408c1a305101/element/306b4e69-b9d9-4a76-882d-2cd05316350b/location[39m
[35m[HTTP][39m [90m{}[39m
[35m[W3C (d03ccce4)][39m Driver proxy active, passing request on via HTTP proxy
[35m[WD Proxy][39m Replacing sessionId 9c07d1e5-85bb-4008-99ce-299509331f4a with d03ccce4-10d7-4800-b5a9-408c1a305101
[35m[HTTP][39m [37m<-- GET /wd/hub/session/d03ccce4-10d7-4800-b5a9-408c1a305101/element/306b4e69-b9d9-4a76-882d-2cd05316350b/location [39m[32m200[39m [90m35 ms - 78[39m
[35m[HTTP][39m [90m[39m
[35m[HTTP][39m [37m-->[39m [37mPOST[39m [37m/wd/hub/session/d03ccce4-10d7-4800-b5a9-408c1a305101/element/306b4e69-b9d9-4a76-882d-2cd05316350b/click[39m
[35m[HTTP][39m [90m{"id":"306b4e69-b9d9-4a76-882d-2cd05316350b"}[39m
[35m[HTTP][39m [37m<-- POST /wd/hub/session/d03ccce4-10d7-4800-b5a9-408c1a305101/element/306b4e69-b9d9-4a76-882d-2cd05316350b/click [39m[32m200[39m [90m115 ms - 14[39m
[35m[HTTP][39m [90m[39m
[35m[HTTP][39m [37m-->[39m [37mGET[39m [37m/wd/hub/session/d03ccce4-10d7-4800-b5a9-408c1a305101/source[39m
[35m[HTTP][39m [90m{}[39m
[35m[W3C (d03ccce4)][39m Driver proxy active, passing request on via HTTP proxy
[35m[WD Proxy][39m Replacing sessionId 9c07d1e5-85bb-4008-99ce-299509331f4a with d03ccce4-10d7-4800-b5a9-408c1a305101
[35m[HTTP][39m [37m<-- GET /wd/hub/session/d03ccce4-10d7-4800-b5a9-408c1a305101/source [39m[32m200[39m [90m1190 ms - 9718[39m
[35m[HTTP][39m [90m[39m
[35m[HTTP][39m [37m-->[39m [37mGET[39m [37m/wd/hub/session/d03ccce4-10d7-4800-b5a9-408c1a305101/screenshot[39m
[35m[HTTP][39m [90m{}[39m
[35m[HTTP][39m [37m<-- GET /wd/hub/session/d03ccce4-10d7-4800-b5a9-408c1a305101/screenshot [39m[32m200[39m [90m690 ms - 1135976[39m
[35m[HTTP][39m [90m[39m
[35m[HTTP][39m [37m-->[39m [37mDELETE[39m [37m/wd/hub/session/d03ccce4-10d7-4800-b5a9-408c1a305101[39m
[35m[HTTP][39m [90m{}[39m
[35m[Appium][39m Removing session d03ccce4-10d7-4800-b5a9-408c1a305101 from our master session list
[35m[UiAutomator2][39m Restoring hidden api policy to the device default configuration
